This is pdfTeX, Version 3.14159265-2.6-1.40.16 (TeX Live 2015) (preloaded format=pdflatex 2016.1.25)  16 FEB 2016 15:45
entering extended mode
 restricted \write18 enabled.
 %&-line parsing enabled.
**fisicaCuantica.tex
(./fisicaCuantica.tex
LaTeX2e <2015/10/01> patch level 2
Babel <3.9n> and hyphenation patterns for 79 languages loaded.
(/usr/local/texlive/2015/texmf-dist/tex/latex/base/report.cls
Document Class: report 2014/09/29 v1.4h Standard LaTeX document class
(/usr/local/texlive/2015/texmf-dist/tex/latex/base/size10.clo
File: size10.clo 2014/09/29 v1.4h Standard LaTeX file (size option)
)
\c@part=\count79
\c@chapter=\count80
\c@section=\count81
\c@subsection=\count82
\c@subsubsection=\count83
\c@paragraph=\count84
\c@subparagraph=\count85
\c@figure=\count86
\c@table=\count87
\abovecaptionskip=\skip41
\belowcaptionskip=\skip42
\bibindent=\dimen102
)
(/usr/local/texlive/2015/texmf-dist/tex/generic/babel/babel.sty
Package: babel 2016/01/08 3.9n The Babel package

(/usr/local/texlive/2015/texmf-dist/tex/generic/babel-spanish/spanish.ldf
Language: spanish.ldf 2016/01/15 v5.0o Spanish support from the babel system

(/usr/local/texlive/2015/texmf-dist/tex/generic/babel/babel.def
File: babel.def 2016/01/08 3.9n Babel common definitions
\babel@savecnt=\count88
\U@D=\dimen103
)
\es@quottoks=\toks14
\es@quotdepth=\count89
Package babel Info: Making " an active character on input line 533.
Package babel Info: Making . an active character on input line 634.
Package babel Info: Making < an active character on input line 679.
Package babel Info: Making > an active character on input line 679.
))
(/usr/local/texlive/2015/texmf-dist/tex/latex/hyperref/hyperref.sty
Package: hyperref 2012/11/06 v6.83m Hypertext links for LaTeX

(/usr/local/texlive/2015/texmf-dist/tex/generic/oberdiek/hobsub-hyperref.sty
Package: hobsub-hyperref 2012/05/28 v1.13 Bundle oberdiek, subset hyperref (HO)


(/usr/local/texlive/2015/texmf-dist/tex/generic/oberdiek/hobsub-generic.sty
Package: hobsub-generic 2012/05/28 v1.13 Bundle oberdiek, subset generic (HO)
Package: hobsub 2012/05/28 v1.13 Construct package bundles (HO)
Package: infwarerr 2010/04/08 v1.3 Providing info/warning/error messages (HO)
Package: ltxcmds 2011/11/09 v1.22 LaTeX kernel commands for general use (HO)
Package: ifluatex 2010/03/01 v1.3 Provides the ifluatex switch (HO)
Package ifluatex Info: LuaTeX not detected.
Package: ifvtex 2010/03/01 v1.5 Detect VTeX and its facilities (HO)
Package ifvtex Info: VTeX not detected.
Package: intcalc 2007/09/27 v1.1 Expandable calculations with integers (HO)
Package: ifpdf 2011/01/30 v2.3 Provides the ifpdf switch (HO)
Package ifpdf Info: pdfTeX in PDF mode is detected.
Package: etexcmds 2011/02/16 v1.5 Avoid name clashes with e-TeX commands (HO)
Package etexcmds Info: Could not find \expanded.
(etexcmds)             That can mean that you are not using pdfTeX 1.50 or
(etexcmds)             that some package has redefined \expanded.
(etexcmds)             In the latter case, load this package earlier.
Package: kvsetkeys 2012/04/25 v1.16 Key value parser (HO)
Package: kvdefinekeys 2011/04/07 v1.3 Define keys (HO)
Package: pdftexcmds 2011/11/29 v0.20 Utility functions of pdfTeX for LuaTeX (HO
)
Package pdftexcmds Info: LuaTeX not detected.
Package pdftexcmds Info: \pdf@primitive is available.
Package pdftexcmds Info: \pdf@ifprimitive is available.
Package pdftexcmds Info: \pdfdraftmode found.
Package: pdfescape 2011/11/25 v1.13 Implements pdfTeX's escape features (HO)
Package: bigintcalc 2012/04/08 v1.3 Expandable calculations on big integers (HO
)
Package: bitset 2011/01/30 v1.1 Handle bit-vector datatype (HO)
Package: uniquecounter 2011/01/30 v1.2 Provide unlimited unique counter (HO)
)
Package hobsub Info: Skipping package `hobsub' (already loaded).
Package: letltxmacro 2010/09/02 v1.4 Let assignment for LaTeX macros (HO)
Package: hopatch 2012/05/28 v1.2 Wrapper for package hooks (HO)
Package: xcolor-patch 2011/01/30 xcolor patch
Package: atveryend 2011/06/30 v1.8 Hooks at the very end of document (HO)
Package atveryend Info: \enddocument detected (standard20110627).
Package: atbegshi 2011/10/05 v1.16 At begin shipout hook (HO)
Package: refcount 2011/10/16 v3.4 Data extraction from label references (HO)
Package: hycolor 2011/01/30 v1.7 Color options for hyperref/bookmark (HO)
)
(/usr/local/texlive/2015/texmf-dist/tex/latex/graphics/keyval.sty
Package: keyval 2014/10/28 v1.15 key=value parser (DPC)
\KV@toks@=\toks15
)
(/usr/local/texlive/2015/texmf-dist/tex/generic/ifxetex/ifxetex.sty
Package: ifxetex 2010/09/12 v0.6 Provides ifxetex conditional
)
(/usr/local/texlive/2015/texmf-dist/tex/latex/oberdiek/auxhook.sty
Package: auxhook 2011/03/04 v1.3 Hooks for auxiliary files (HO)
)
(/usr/local/texlive/2015/texmf-dist/tex/latex/oberdiek/kvoptions.sty
Package: kvoptions 2011/06/30 v3.11 Key value format for package options (HO)
)
\@linkdim=\dimen104
\Hy@linkcounter=\count90
\Hy@pagecounter=\count91

(/usr/local/texlive/2015/texmf-dist/tex/latex/hyperref/pd1enc.def
File: pd1enc.def 2012/11/06 v6.83m Hyperref: PDFDocEncoding definition (HO)
)
\Hy@SavedSpaceFactor=\count92

(/usr/local/texlive/2015/texmf-dist/tex/latex/latexconfig/hyperref.cfg
File: hyperref.cfg 2002/06/06 v1.2 hyperref configuration of TeXLive
)
Package hyperref Info: Hyper figures OFF on input line 4443.
Package hyperref Info: Link nesting OFF on input line 4448.
Package hyperref Info: Hyper index ON on input line 4451.
Package hyperref Info: Plain pages OFF on input line 4458.
Package hyperref Info: Backreferencing OFF on input line 4463.
Package hyperref Info: Implicit mode ON; LaTeX internals redefined.
Package hyperref Info: Bookmarks ON on input line 4688.
\c@Hy@tempcnt=\count93

(/usr/local/texlive/2015/texmf-dist/tex/latex/url/url.sty
\Urlmuskip=\muskip10
Package: url 2013/09/16  ver 3.4  Verb mode for urls, etc.
)
LaTeX Info: Redefining \url on input line 5041.
\XeTeXLinkMargin=\dimen105
\Fld@menulength=\count94
\Field@Width=\dimen106
\Fld@charsize=\dimen107
Package hyperref Info: Hyper figures OFF on input line 6295.
Package hyperref Info: Link nesting OFF on input line 6300.
Package hyperref Info: Hyper index ON on input line 6303.
Package hyperref Info: backreferencing OFF on input line 6310.
Package hyperref Info: Link coloring OFF on input line 6315.
Package hyperref Info: Link coloring with OCG OFF on input line 6320.
Package hyperref Info: PDF/A mode OFF on input line 6325.
LaTeX Info: Redefining \ref on input line 6365.
LaTeX Info: Redefining \pageref on input line 6369.
\Hy@abspage=\count95
\c@Item=\count96
\c@Hfootnote=\count97
)

Package hyperref Message: Driver (autodetected): hpdftex.

(/usr/local/texlive/2015/texmf-dist/tex/latex/hyperref/hpdftex.def
File: hpdftex.def 2012/11/06 v6.83m Hyperref driver for pdfTeX
\Fld@listcount=\count98
\c@bookmark@seq@number=\count99

(/usr/local/texlive/2015/texmf-dist/tex/latex/oberdiek/rerunfilecheck.sty
Package: rerunfilecheck 2011/04/15 v1.7 Rerun checks for auxiliary files (HO)
Package uniquecounter Info: New unique counter `rerunfilecheck' on input line 2
82.
)
\Hy@SectionHShift=\skip43
)
(/usr/local/texlive/2015/texmf-dist/tex/latex/amsmath/amsmath.sty
Package: amsmath 2013/01/14 v2.14 AMS math features
\@mathmargin=\skip44

For additional information on amsmath, use the `?' option.
(/usr/local/texlive/2015/texmf-dist/tex/latex/amsmath/amstext.sty
Package: amstext 2000/06/29 v2.01

(/usr/local/texlive/2015/texmf-dist/tex/latex/amsmath/amsgen.sty
File: amsgen.sty 1999/11/30 v2.0
\@emptytoks=\toks16
\ex@=\dimen108
))
(/usr/local/texlive/2015/texmf-dist/tex/latex/amsmath/amsbsy.sty
Package: amsbsy 1999/11/29 v1.2d
\pmbraise@=\dimen109
)
(/usr/local/texlive/2015/texmf-dist/tex/latex/amsmath/amsopn.sty
Package: amsopn 1999/12/14 v2.01 operator names
)
\inf@bad=\count100
LaTeX Info: Redefining \frac on input line 210.
\uproot@=\count101
\leftroot@=\count102
LaTeX Info: Redefining \overline on input line 306.
\classnum@=\count103
\DOTSCASE@=\count104
LaTeX Info: Redefining \ldots on input line 378.
LaTeX Info: Redefining \dots on input line 381.
LaTeX Info: Redefining \cdots on input line 466.
\Mathstrutbox@=\box26
\strutbox@=\box27
\big@size=\dimen110
LaTeX Font Info:    Redeclaring font encoding OML on input line 566.
LaTeX Font Info:    Redeclaring font encoding OMS on input line 567.
\macc@depth=\count105
\c@MaxMatrixCols=\count106
\dotsspace@=\muskip11
\c@parentequation=\count107
\dspbrk@lvl=\count108
\tag@help=\toks17
\row@=\count109
\column@=\count110
\maxfields@=\count111
\andhelp@=\toks18
\eqnshift@=\dimen111
\alignsep@=\dimen112
\tagshift@=\dimen113
\tagwidth@=\dimen114
\totwidth@=\dimen115
\lineht@=\dimen116
\@envbody=\toks19
\multlinegap=\skip45
\multlinetaggap=\skip46
\mathdisplay@stack=\toks20
LaTeX Info: Redefining \[ on input line 2665.
LaTeX Info: Redefining \] on input line 2666.
)
(/usr/local/texlive/2015/texmf-dist/tex/latex/amscls/amsthm.sty
Package: amsthm 2015/03/04 v2.20.2
\thm@style=\toks21
\thm@bodyfont=\toks22
\thm@headfont=\toks23
\thm@notefont=\toks24
\thm@headpunct=\toks25
\thm@preskip=\skip47
\thm@postskip=\skip48
\thm@headsep=\skip49
\dth@everypar=\toks26
)
(/usr/local/texlive/2015/texmf-dist/tex/latex/amsfonts/amssymb.sty
Package: amssymb 2013/01/14 v3.01 AMS font symbols

(/usr/local/texlive/2015/texmf-dist/tex/latex/amsfonts/amsfonts.sty
Package: amsfonts 2013/01/14 v3.01 Basic AMSFonts support
\symAMSa=\mathgroup4
\symAMSb=\mathgroup5
LaTeX Font Info:    Overwriting math alphabet `\mathfrak' in version `bold'
(Font)                  U/euf/m/n --> U/euf/b/n on input line 106.
))
(/usr/local/texlive/2015/texmf-dist/tex/latex/graphics/graphicx.sty
Package: graphicx 2014/10/28 v1.0g Enhanced LaTeX Graphics (DPC,SPQR)

(/usr/local/texlive/2015/texmf-dist/tex/latex/graphics/graphics.sty
Package: graphics 2014/10/28 v1.0p Standard LaTeX Graphics (DPC,SPQR)

(/usr/local/texlive/2015/texmf-dist/tex/latex/graphics/trig.sty
Package: trig 1999/03/16 v1.09 sin cos tan (DPC)
)
(/usr/local/texlive/2015/texmf-dist/tex/latex/latexconfig/graphics.cfg
File: graphics.cfg 2010/04/23 v1.9 graphics configuration of TeX Live
)
Package graphics Info: Driver file: pdftex.def on input line 94.

(/usr/local/texlive/2015/texmf-dist/tex/latex/pdftex-def/pdftex.def
File: pdftex.def 2011/05/27 v0.06d Graphics/color for pdfTeX
\Gread@gobject=\count112
))
\Gin@req@height=\dimen117
\Gin@req@width=\dimen118
)
(/usr/local/texlive/2015/texmf-dist/tex/latex/cancel/cancel.sty
Package: cancel 2013/04/12 v2.2 Cancel math terms
)
(/usr/local/texlive/2015/texmf-dist/tex/latex/graphics/color.sty
Package: color 2014/10/28 v1.1a Standard LaTeX Color (DPC)

(/usr/local/texlive/2015/texmf-dist/tex/latex/latexconfig/color.cfg
File: color.cfg 2007/01/18 v1.5 color configuration of teTeX/TeXLive
)
Package color Info: Driver file: pdftex.def on input line 142.
)
(/usr/local/texlive/2015/texmf-dist/tex/latex/doublestroke/dsfont.sty
Package: dsfont 1995/08/01 v0.1 Double stroke roman fonts
)
\mybox=\box28
\c@definition=\count113

(./fisicaCuantica.aux
LaTeX Info: Redefining \. on input line 23.
LaTeX Info: Redefining \% on input line 23.
)
\openout1 = `fisicaCuantica.aux'.

LaTeX Font Info:    Checking defaults for OML/cmm/m/it on input line 33.
LaTeX Font Info:    ... okay on input line 33.
LaTeX Font Info:    Checking defaults for T1/cmr/m/n on input line 33.
LaTeX Font Info:    ... okay on input line 33.
LaTeX Font Info:    Checking defaults for OT1/cmr/m/n on input line 33.
LaTeX Font Info:    ... okay on input line 33.
LaTeX Font Info:    Checking defaults for OMS/cmsy/m/n on input line 33.
LaTeX Font Info:    ... okay on input line 33.
LaTeX Font Info:    Checking defaults for OMX/cmex/m/n on input line 33.
LaTeX Font Info:    ... okay on input line 33.
LaTeX Font Info:    Checking defaults for U/cmr/m/n on input line 33.
LaTeX Font Info:    ... okay on input line 33.
LaTeX Font Info:    Checking defaults for PD1/pdf/m/n on input line 33.
LaTeX Font Info:    ... okay on input line 33.
LaTeX Info: Redefining \. on input line 33.
LaTeX Info: Redefining \% on input line 33.
\AtBeginShipoutBox=\box29
Package hyperref Info: Link coloring OFF on input line 33.

(/usr/local/texlive/2015/texmf-dist/tex/latex/hyperref/nameref.sty
Package: nameref 2012/10/27 v2.43 Cross-referencing by name of section

(/usr/local/texlive/2015/texmf-dist/tex/generic/oberdiek/gettitlestring.sty
Package: gettitlestring 2010/12/03 v1.4 Cleanup title references (HO)
)
\c@section@level=\count114
)
LaTeX Info: Redefining \ref on input line 33.
LaTeX Info: Redefining \pageref on input line 33.
LaTeX Info: Redefining \nameref on input line 33.

(./fisicaCuantica.out) (./fisicaCuantica.out)
\@outlinefile=\write3
\openout3 = `fisicaCuantica.out'.


(/usr/local/texlive/2015/texmf-dist/tex/context/base/supp-pdf.mkii
[Loading MPS to PDF converter (version 2006.09.02).]
\scratchcounter=\count115
\scratchdimen=\dimen119
\scratchbox=\box30
\nofMPsegments=\count116
\nofMParguments=\count117
\everyMPshowfont=\toks27
\MPscratchCnt=\count118
\MPscratchDim=\dimen120
\MPnumerator=\count119
\makeMPintoPDFobject=\count120
\everyMPtoPDFconversion=\toks28
) (/usr/local/texlive/2015/texmf-dist/tex/latex/oberdiek/epstopdf-base.sty
Package: epstopdf-base 2010/02/09 v2.5 Base part for package epstopdf

(/usr/local/texlive/2015/texmf-dist/tex/latex/oberdiek/grfext.sty
Package: grfext 2010/08/19 v1.1 Manage graphics extensions (HO)
)
Package grfext Info: Graphics extension search list:
(grfext)             [.png,.pdf,.jpg,.mps,.jpeg,.jbig2,.jb2,.PNG,.PDF,.JPG,.JPE
G,.JBIG2,.JB2,.eps]
(grfext)             \AppendGraphicsExtensions on input line 452.

(/usr/local/texlive/2015/texmf-dist/tex/latex/latexconfig/epstopdf-sys.cfg
File: epstopdf-sys.cfg 2010/07/13 v1.3 Configuration of (r)epstopdf for TeX Liv
e
))
Missing character: There is no ร in font cmr17!
Missing character: There is no ญ in font cmr17!
Missing character: There is no ร in font cmr17!
Missing character: There is no ก in font cmr17!
LaTeX Font Info:    Try loading font information for U+msa on input line 35.

(/usr/local/texlive/2015/texmf-dist/tex/latex/amsfonts/umsa.fd
File: umsa.fd 2013/01/14 v3.01 AMS symbols A
)
LaTeX Font Info:    Try loading font information for U+msb on input line 35.

(/usr/local/texlive/2015/texmf-dist/tex/latex/amsfonts/umsb.fd
File: umsb.fd 2013/01/14 v3.01 AMS symbols B
)
Package babel Info: Redefining spanish shorthand <<
(babel)             in language append on input line 35.
Package babel Info: Redefining spanish shorthand >>
(babel)             in language append on input line 35.
Package babel Info: Redefining spanish shorthand "=
(babel)             in language append on input line 35.
Package babel Info: Redefining spanish shorthand "~
(babel)             in language append on input line 35.
Package babel Info: Redefining spanish shorthand "!
(babel)             in language append on input line 35.
Package babel Info: Redefining spanish shorthand "?
(babel)             in language append on input line 35.
Package babel Info: Redefining spanish shorthand <<
(babel)             in language append on input line 35.
Package babel Info: Redefining spanish shorthand >>
(babel)             in language append on input line 35.
Package babel Info: Redefining spanish shorthand "=
(babel)             in language append on input line 35.
Package babel Info: Redefining spanish shorthand "~
(babel)             in language append on input line 35.
Package babel Info: Redefining spanish shorthand "!
(babel)             in language append on input line 35.
Package babel Info: Redefining spanish shorthand "?
(babel)             in language append on input line 35.
 [1

{/usr/local/texlive/2015/texmf-var/fonts/map/pdftex/updmap/pdftex.map}]
(./fisicaCuantica.toc)
\tf@toc=\write4
\openout4 = `fisicaCuantica.toc'.

 (./Chapters/conceptosFundamental.tex
Package babel Info: Redefining spanish shorthand <<
(babel)             in language append on input line 1.
Package babel Info: Redefining spanish shorthand >>
(babel)             in language append on input line 1.
Package babel Info: Redefining spanish shorthand "=
(babel)             in language append on input line 1.
Package babel Info: Redefining spanish shorthand "~
(babel)             in language append on input line 1.
Package babel Info: Redefining spanish shorthand "!
(babel)             in language append on input line 1.
Package babel Info: Redefining spanish shorthand "?
(babel)             in language append on input line 1.
Package babel Info: Redefining spanish shorthand <<
(babel)             in language append on input line 1.
Package babel Info: Redefining spanish shorthand >>
(babel)             in language append on input line 1.
Package babel Info: Redefining spanish shorthand "=
(babel)             in language append on input line 1.
Package babel Info: Redefining spanish shorthand "~
(babel)             in language append on input line 1.
Package babel Info: Redefining spanish shorthand "!
(babel)             in language append on input line 1.
Package babel Info: Redefining spanish shorthand "?
(babel)             in language append on input line 1.
pdfTeX warning (ext4): destination with the same identifier (name{page.1}) has 
been already used, duplicate ignored
<to be read again> 
                   \relax 
l.1 \chapter
            {Los postulados de la mecรกnica cuรกntica} [1

]
Cap\'{\i }tulo 1.
Package babel Info: Redefining spanish shorthand <<
(babel)             in language append on input line 1.
Package babel Info: Redefining spanish shorthand >>
(babel)             in language append on input line 1.
Package babel Info: Redefining spanish shorthand "=
(babel)             in language append on input line 1.
Package babel Info: Redefining spanish shorthand "~
(babel)             in language append on input line 1.
Package babel Info: Redefining spanish shorthand "!
(babel)             in language append on input line 1.
Package babel Info: Redefining spanish shorthand "?
(babel)             in language append on input line 1.
Missing character: There is no ร in font cmbx12!
Missing character: There is no ก in font cmbx12!
Missing character: There is no ร in font cmbx12!
Missing character: There is no ก in font cmbx12!
Package babel Info: Redefining spanish shorthand <<
(babel)             in language append on input line 3.
Package babel Info: Redefining spanish shorthand >>
(babel)             in language append on input line 3.
Package babel Info: Redefining spanish shorthand "=
(babel)             in language append on input line 3.
Package babel Info: Redefining spanish shorthand "~
(babel)             in language append on input line 3.
Package babel Info: Redefining spanish shorthand "!
(babel)             in language append on input line 3.
Package babel Info: Redefining spanish shorthand "?
(babel)             in language append on input line 3.
Missing character: There is no ร in font cmr10!
Missing character: There is no ก in font cmr10!
Package babel Info: Redefining spanish shorthand <<
(babel)             in language append on input line 10.
Package babel Info: Redefining spanish shorthand >>
(babel)             in language append on input line 10.
Package babel Info: Redefining spanish shorthand "=
(babel)             in language append on input line 10.
Package babel Info: Redefining spanish shorthand "~
(babel)             in language append on input line 10.
Package babel Info: Redefining spanish shorthand "!
(babel)             in language append on input line 10.
Package babel Info: Redefining spanish shorthand "?
(babel)             in language append on input line 10.
Missing character: There is no ร in font cmr10!
Missing character: There is no ญ in font cmr10!
Missing character: There is no ร in font cmr10!
Missing character: There is no ก in font cmr10!
Missing character: There is no ร in font cmbx10!
Missing character: There is no ญ in font cmbx10!
Package babel Info: Redefining spanish shorthand <<
(babel)             in language append on input line 16.
Package babel Info: Redefining spanish shorthand >>
(babel)             in language append on input line 16.
Package babel Info: Redefining spanish shorthand "=
(babel)             in language append on input line 16.
Package babel Info: Redefining spanish shorthand "~
(babel)             in language append on input line 16.
Package babel Info: Redefining spanish shorthand "!
(babel)             in language append on input line 16.
Package babel Info: Redefining spanish shorthand "?
(babel)             in language append on input line 16.
) (./Chapters/osciladorArmonico.tex
Package babel Info: Redefining spanish shorthand <<
(babel)             in language append on input line 1.
Package babel Info: Redefining spanish shorthand >>
(babel)             in language append on input line 1.
Package babel Info: Redefining spanish shorthand "=
(babel)             in language append on input line 1.
Package babel Info: Redefining spanish shorthand "~
(babel)             in language append on input line 1.
Package babel Info: Redefining spanish shorthand "!
(babel)             in language append on input line 1.
Package babel Info: Redefining spanish shorthand "?
(babel)             in language append on input line 1.
Package babel Info: Redefining spanish shorthand <<
(babel)             in language append on input line 1.
Package babel Info: Redefining spanish shorthand >>
(babel)             in language append on input line 1.
Package babel Info: Redefining spanish shorthand "=
(babel)             in language append on input line 1.
Package babel Info: Redefining spanish shorthand "~
(babel)             in language append on input line 1.
Package babel Info: Redefining spanish shorthand "!
(babel)             in language append on input line 1.
Package babel Info: Redefining spanish shorthand "?
(babel)             in language append on input line 1.
 [2

]
Cap\'{\i }tulo 2.
Package babel Info: Redefining spanish shorthand <<
(babel)             in language append on input line 1.
Package babel Info: Redefining spanish shorthand >>
(babel)             in language append on input line 1.
Package babel Info: Redefining spanish shorthand "=
(babel)             in language append on input line 1.
Package babel Info: Redefining spanish shorthand "~
(babel)             in language append on input line 1.
Package babel Info: Redefining spanish shorthand "!
(babel)             in language append on input line 1.
Package babel Info: Redefining spanish shorthand "?
(babel)             in language append on input line 1.
Missing character: There is no ร in font cmbx12!
Missing character: There is no ณ in font cmbx12!
Missing character: There is no ร in font cmbx12!
Missing character: There is no ก in font cmbx12!
Package babel Info: Redefining spanish shorthand <<
(babel)             in language append on input line 3.
Package babel Info: Redefining spanish shorthand >>
(babel)             in language append on input line 3.
Package babel Info: Redefining spanish shorthand "=
(babel)             in language append on input line 3.
Package babel Info: Redefining spanish shorthand "~
(babel)             in language append on input line 3.
Package babel Info: Redefining spanish shorthand "!
(babel)             in language append on input line 3.
Package babel Info: Redefining spanish shorthand "?
(babel)             in language append on input line 3.
Missing character: There is no ร in font cmr10!
Missing character: There is no ฉ in font cmr10!
Missing character: There is no ร in font cmr10!
Missing character: There is no ณ in font cmr10!

Underfull \hbox (badness 10000) in paragraph at lines 6--11

 []


Underfull \hbox (badness 10000) in paragraph at lines 6--11

 []

Missing character: There is no ร in font cmbx10!
Missing character: There is no ณ in font cmbx10!

Underfull \hbox (badness 10000) in paragraph at lines 11--14

 []

Missing character: There is no ร in font cmr10!
Missing character: There is no ญ in font cmr10!
Missing character: There is no ร in font cmr10!
Missing character: There is no ฑ in font cmr10!

Overfull \hbox (62.42697pt too wide) in paragraph at lines 27--27
[] 
 []

Missing character: There is no ร in font cmr10!
Missing character: There is no ญ in font cmr10!
Package babel Info: Redefining spanish shorthand <<
(babel)             in language append on input line 44.
Package babel Info: Redefining spanish shorthand >>
(babel)             in language append on input line 44.
Package babel Info: Redefining spanish shorthand "=
(babel)             in language append on input line 44.
Package babel Info: Redefining spanish shorthand "~
(babel)             in language append on input line 44.
Package babel Info: Redefining spanish shorthand "!
(babel)             in language append on input line 44.
Package babel Info: Redefining spanish shorthand "?
(babel)             in language append on input line 44.
Package babel Info: Redefining spanish shorthand <<
(babel)             in language append on input line 44.
Package babel Info: Redefining spanish shorthand >>
(babel)             in language append on input line 44.
Package babel Info: Redefining spanish shorthand "=
(babel)             in language append on input line 44.
Package babel Info: Redefining spanish shorthand "~
(babel)             in language append on input line 44.
Package babel Info: Redefining spanish shorthand "!
(babel)             in language append on input line 44.
Package babel Info: Redefining spanish shorthand "?
(babel)             in language append on input line 44.
[3

]
Missing character: There is no ร in font cmr10!
Missing character: There is no ฉ in font cmr10!
Missing character: There is no ร in font cmr10!
Missing character: There is no ณ in font cmr10!
Missing character: There is no ร in font cmr10!
Missing character: There is no ณ in font cmr10!
Missing character: There is no ร in font cmbx10!
Missing character: There is no ณ in font cmbx10!

Underfull \hbox (badness 10000) in paragraph at lines 58--61

 []

Missing character: There is no ย in font cmr10!
Missing character: There is no  in font cmr10!
Missing character: There is no ย in font cmr10!
Missing character: There is no  in font cmr10!
Missing character: There is no ร in font cmr10!
Missing character: There is no บ in font cmr10!
Missing character: There is no ร in font cmr10!
Missing character: There is no ณ in font cmr10!
Missing character: There is no ร in font cmr10!
Missing character: There is no ณ in font cmr10!
Package babel Info: Redefining spanish shorthand <<
(babel)             in language append on input line 113.
Package babel Info: Redefining spanish shorthand >>
(babel)             in language append on input line 113.
Package babel Info: Redefining spanish shorthand "=
(babel)             in language append on input line 113.
Package babel Info: Redefining spanish shorthand "~
(babel)             in language append on input line 113.
Package babel Info: Redefining spanish shorthand "!
(babel)             in language append on input line 113.
Package babel Info: Redefining spanish shorthand "?
(babel)             in language append on input line 113.
Package babel Info: Redefining spanish shorthand <<
(babel)             in language append on input line 113.
Package babel Info: Redefining spanish shorthand >>
(babel)             in language append on input line 113.
Package babel Info: Redefining spanish shorthand "=
(babel)             in language append on input line 113.
Package babel Info: Redefining spanish shorthand "~
(babel)             in language append on input line 113.
Package babel Info: Redefining spanish shorthand "!
(babel)             in language append on input line 113.
Package babel Info: Redefining spanish shorthand "?
(babel)             in language append on input line 113.
[4]
Missing character: There is no ร in font cmr10!
Missing character: There is no ญ in font cmr10!
Missing character: There is no ร in font cmr10!
Missing character: There is no ณ in font cmr10!
Missing character: There is no ร in font cmr10!
Missing character: There is no ณ in font cmr10!
Missing character: There is no ร in font cmr10!
Missing character: There is no ญ in font cmr10!

Overfull \hbox (61.47629pt too wide) detected at line 136
\OMS/cmsy/m/n/10 h\OML/cmm/m/it/10 x[]\OMS/cmsy/m/n/10 i[] \OT1/cmr/m/n/10 = \O
MS/cmsy/m/n/10 h\OML/cmm/m/it/10 n\OMS/cmsy/m/n/10 j\OT1/cmr/m/n/10 (\OML/cmm/m
/it/10 a \OT1/cmr/m/n/10 + \OML/cmm/m/it/10 a[]\OT1/cmr/m/n/10 )[]\OMS/cmsy/m/n
/10 j\OML/cmm/m/it/10 n\OMS/cmsy/m/n/10 i \OT1/cmr/m/n/10 = \OMS/cmsy/m/n/10 h\
OML/cmm/m/it/10 n\OMS/cmsy/m/n/10 j\OT1/cmr/m/n/10 ([] + \OML/cmm/m/it/10 aa[] 
\OT1/cmr/m/n/10 + \OML/cmm/m/it/10 a[]a \OT1/cmr/m/n/10 + [])[]\OMS/cmsy/m/n/10
 j\OML/cmm/m/it/10 n\OMS/cmsy/m/n/10 i \OT1/cmr/m/n/10 = \OMS/cmsy/m/n/10 h\OML
/cmm/m/it/10 n\OMS/cmsy/m/n/10 j\OT1/cmr/m/n/10 (\OML/cmm/m/it/10 aa[] \OT1/cmr
/m/n/10 + \OML/cmm/m/it/10 a[]a\OT1/cmr/m/n/10 )[]\OMS/cmsy/m/n/10 j\OML/cmm/m/
it/10 n\OMS/cmsy/m/n/10 i \OT1/cmr/m/n/10 = \OMS/cmsy/m/n/10 h\OML/cmm/m/it/10 
n\OMS/cmsy/m/n/10 j\OT1/cmr/m/n/10 (\OML/cmm/m/it/10 aa[] \OT1/cmr/m/n/10 + \OM
L/cmm/m/it/10 a[]a\OT1/cmr/m/n/10 )\OMS/cmsy/m/n/10 j\OML/cmm/m/it/10 n\OMS/cms
y/m/n/10 i[]
 []


Overfull \hbox (299.64607pt too wide) in paragraph at lines 140--144
\OT1/cmr/m/n/10 por lo tan-to ve-mos que la in-de-ter-mi-na-cion del Ha-mil-to-
niano es-ta ce-ro. [] 
 []

Missing character: There is no ร in font cmbx10!
Missing character: There is no ณ in font cmbx10!
Missing character: There is no ร in font cmr10!
Missing character: There is no ณ in font cmr10!
Missing character: There is no ร in font cmr10!
Missing character: There is no ญ in font cmr10!
Missing character: There is no ร in font cmr10!
Missing character: There is no ณ in font cmr10!

Underfull \hbox (badness 10000) in paragraph at lines 151--156

 []

Missing character: There is no ร in font cmr10!
Missing character: There is no ญ in font cmr10!
Missing character: There is no ร in font cmr10!
Missing character: There is no ณ in font cmr10!
Missing character: There is no ย in font cmr10!
Missing character: There is no  in font cmr10!
Missing character: There is no ย in font cmr10!
Missing character: There is no  in font cmr10!
Missing character: There is no ย in font cmr10!
Missing character: There is no  in font cmr10!
Package babel Info: Redefining spanish shorthand <<
(babel)             in language append on input line 182.
Package babel Info: Redefining spanish shorthand >>
(babel)             in language append on input line 182.
Package babel Info: Redefining spanish shorthand "=
(babel)             in language append on input line 182.
Package babel Info: Redefining spanish shorthand "~
(babel)             in language append on input line 182.
Package babel Info: Redefining spanish shorthand "!
(babel)             in language append on input line 182.
Package babel Info: Redefining spanish shorthand "?
(babel)             in language append on input line 182.
Package babel Info: Redefining spanish shorthand <<
(babel)             in language append on input line 182.
Package babel Info: Redefining spanish shorthand >>
(babel)             in language append on input line 182.
Package babel Info: Redefining spanish shorthand "=
(babel)             in language append on input line 182.
Package babel Info: Redefining spanish shorthand "~
(babel)             in language append on input line 182.
Package babel Info: Redefining spanish shorthand "!
(babel)             in language append on input line 182.
Package babel Info: Redefining spanish shorthand "?
(babel)             in language append on input line 182.
[5]
Missing character: There is no ย in font cmr10!
Missing character: There is no  in font cmr10!
Missing character: There is no ย in font cmr10!
Missing character: There is no  in font cmr10!
Missing character: There is no ย in font cmr7!
Missing character: There is no  in font cmr7!
Missing character: There is no ย in font cmr10!
Missing character: There is no  in font cmr10!
Missing character: There is no ย in font cmr10!
Missing character: There is no  in font cmr10!
Missing character: There is no ย in font cmr7!
Missing character: There is no  in font cmr7!
Missing character: There is no ร in font cmr10!
Missing character: There is no ณ in font cmr10!
Missing character: There is no ร in font cmbx10!
Missing character: There is no ณ in font cmbx10!

Underfull \hbox (badness 10000) in paragraph at lines 208--211

 []

Missing character: There is no ร in font cmr10!
Missing character: There is no ญ in font cmr10!

Overfull \hbox (69.07077pt too wide) detected at line 231
\OT1/cmr/m/n/10 (\OML/cmm/m/it/10 a[]\OT1/cmr/m/n/10 )[] = [](\OML/cmm/m/it/10 
m![] \OMS/cmsy/m/n/10 ^^@ \OML/cmm/m/it/10 i[]\OT1/cmr/m/n/10 )[] = [] [][] = [
] []
 []

Package babel Info: Redefining spanish shorthand <<
(babel)             in language append on input line 231.
Package babel Info: Redefining spanish shorthand >>
(babel)             in language append on input line 231.
Package babel Info: Redefining spanish shorthand "=
(babel)             in language append on input line 231.
Package babel Info: Redefining spanish shorthand "~
(babel)             in language append on input line 231.
Package babel Info: Redefining spanish shorthand "!
(babel)             in language append on input line 231.
Package babel Info: Redefining spanish shorthand "?
(babel)             in language append on input line 231.
Package babel Info: Redefining spanish shorthand <<
(babel)             in language append on input line 231.
Package babel Info: Redefining spanish shorthand >>
(babel)             in language append on input line 231.
Package babel Info: Redefining spanish shorthand "=
(babel)             in language append on input line 231.
Package babel Info: Redefining spanish shorthand "~
(babel)             in language append on input line 231.
Package babel Info: Redefining spanish shorthand "!
(babel)             in language append on input line 231.
Package babel Info: Redefining spanish shorthand "?
(babel)             in language append on input line 231.
[6]
Missing character: There is no ย in font cmr10!
Missing character: There is no  in font cmr10!
Missing character: There is no ย in font cmr10!
Missing character: There is no  in font cmr10!

Overfull \hbox (4.43497pt too wide) in paragraph at lines 253--253
[] 
 []

Missing character: There is no ร in font cmr10!
Missing character: There is no ก in font cmr10!
Missing character: There is no ร in font cmr10!
Missing character: There is no ก in font cmr10!
Missing character: There is no ร in font cmr10!
Missing character: There is no ฒ in font cmr10!

Underfull \hbox (badness 10000) in paragraph at lines 261--263

 []

Missing character: There is no ย in font cmr10!
Missing character: There is no  in font cmr10!
Missing character: There is no ย in font cmr10!
Missing character: There is no  in font cmr10!
Missing character: There is no ย in font cmr10!
Missing character: There is no  in font cmr10!
Missing character: There is no ย in font cmr10!
Missing character: There is no  in font cmr10!
Missing character: There is no ย in font cmr10!
Missing character: There is no  in font cmr10!
Package babel Info: Redefining spanish shorthand <<
(babel)             in language append on input line 296.
Package babel Info: Redefining spanish shorthand >>
(babel)             in language append on input line 296.
Package babel Info: Redefining spanish shorthand "=
(babel)             in language append on input line 296.
Package babel Info: Redefining spanish shorthand "~
(babel)             in language append on input line 296.
Package babel Info: Redefining spanish shorthand "!
(babel)             in language append on input line 296.
Package babel Info: Redefining spanish shorthand "?
(babel)             in language append on input line 296.
Package babel Info: Redefining spanish shorthand <<
(babel)             in language append on input line 296.
Package babel Info: Redefining spanish shorthand >>
(babel)             in language append on input line 296.
Package babel Info: Redefining spanish shorthand "=
(babel)             in language append on input line 296.
Package babel Info: Redefining spanish shorthand "~
(babel)             in language append on input line 296.
Package babel Info: Redefining spanish shorthand "!
(babel)             in language append on input line 296.
Package babel Info: Redefining spanish shorthand "?
(babel)             in language append on input line 296.
[7]
Missing character: There is no ร in font cmr10!
Missing character: There is no ณ in font cmr10!
Missing character: There is no ร in font cmr10!
Missing character: There is no ณ in font cmr10!
Missing character: There is no ร in font cmr10!
Missing character: There is no ณ in font cmr10!
Missing character: There is no ร in font cmr10!
Missing character: There is no ณ in font cmr10!
Missing character: There is no ย in font cmr10!
Missing character: There is no  in font cmr10!
Missing character: There is no ย in font cmr10!
Missing character: There is no  in font cmr10!
Missing character: There is no ย in font cmr10!
Missing character: There is no  in font cmr10!
Missing character: There is no ย in font cmr10!
Missing character: There is no  in font cmr10!
Missing character: There is no ย in font cmr10!
Missing character: There is no  in font cmr10!

Overfull \hbox (15.0pt too wide) in paragraph at lines 334--335
[][] 
 []

Missing character: There is no ร in font cmr10!
Missing character: There is no ณ in font cmr10!
Missing character: There is no ร in font cmr10!
Missing character: There is no ก in font cmr10!
Missing character: There is no ร in font cmr10!
Missing character: There is no ณ in font cmr10!
Missing character: There is no ร in font cmr10!
Missing character: There is no ถ in font cmr10!
Missing character: There is no ย in font cmr10!
Missing character: There is no  in font cmr10!

Underfull \hbox (badness 10000) in paragraph at lines 344--347

 []


Underfull \hbox (badness 10000) in paragraph at lines 344--347

 []

Missing character: There is no ร in font cmr10!
Missing character: There is no ณ in font cmr10!
Missing character: There is no ร in font cmr10!
Missing character: There is no ณ in font cmr10!

Underfull \hbox (badness 10000) in paragraph at lines 347--350

 []

Package babel Info: Redefining spanish shorthand <<
(babel)             in language append on input line 350.
Package babel Info: Redefining spanish shorthand >>
(babel)             in language append on input line 350.
Package babel Info: Redefining spanish shorthand "=
(babel)             in language append on input line 350.
Package babel Info: Redefining spanish shorthand "~
(babel)             in language append on input line 350.
Package babel Info: Redefining spanish shorthand "!
(babel)             in language append on input line 350.
Package babel Info: Redefining spanish shorthand "?
(babel)             in language append on input line 350.
Package babel Info: Redefining spanish shorthand <<
(babel)             in language append on input line 350.
Package babel Info: Redefining spanish shorthand >>
(babel)             in language append on input line 350.
Package babel Info: Redefining spanish shorthand "=
(babel)             in language append on input line 350.
Package babel Info: Redefining spanish shorthand "~
(babel)             in language append on input line 350.
Package babel Info: Redefining spanish shorthand "!
(babel)             in language append on input line 350.
Package babel Info: Redefining spanish shorthand "?
(babel)             in language append on input line 350.
[8]
Missing character: There is no ร in font cmr10!
Missing character: There is no ญ in font cmr10!
Missing character: There is no ร in font cmr10!
Missing character: There is no ณ in font cmr10!
Missing character: There is no ร in font cmr10!
Missing character: There is no ณ in font cmr10!
Missing character: There is no ร in font cmr10!
Missing character: There is no ถ in font cmr10!
Missing character: There is no ย in font cmr10!
Missing character: There is no  in font cmr10!
Missing character: There is no ร in font cmr10!
Missing character: There is no บ in font cmr10!
Missing character: There is no ย in font cmr10!
Missing character: There is no  in font cmr10!
Missing character: There is no ย in font cmr7!
Missing character: There is no  in font cmr7!
Missing character: There is no ย in font cmr10!
Missing character: There is no  in font cmr10!
Missing character: There is no ย in font cmr10!
Missing character: There is no  in font cmr10!
Missing character: There is no ย in font cmr10!
Missing character: There is no  in font cmr10!
Missing character: There is no ย in font cmr7!
Missing character: There is no  in font cmr7!
Missing character: There is no ย in font cmr10!
Missing character: There is no  in font cmr10!
Missing character: There is no ย in font cmr10!
Missing character: There is no  in font cmr10!

Overfull \hbox (3.35666pt too wide) in paragraph at lines 380--380
[] 
 []

Missing character: There is no ร in font cmr10!
Missing character: There is no ณ in font cmr10!
Missing character: There is no ร in font cmr10!
Missing character: There is no ณ in font cmr10!
Missing character: There is no ร in font cmbx10!
Missing character: There is no ณ in font cmbx10!
Missing character: There is no ร in font cmr10!
Missing character: There is no ณ in font cmr10!
Missing character: There is no ร in font cmr10!
Missing character: There is no ณ in font cmr10!
Missing character: There is no ร in font cmbx10!
Missing character: There is no ณ in font cmbx10!
Missing character: There is no ร in font cmbx10!
Missing character: There is no ณ in font cmbx10!

Underfull \hbox (badness 10000) in paragraph at lines 397--402

 []

Package babel Info: Redefining spanish shorthand <<
(babel)             in language append on input line 402.
Package babel Info: Redefining spanish shorthand >>
(babel)             in language append on input line 402.
Package babel Info: Redefining spanish shorthand "=
(babel)             in language append on input line 402.
Package babel Info: Redefining spanish shorthand "~
(babel)             in language append on input line 402.
Package babel Info: Redefining spanish shorthand "!
(babel)             in language append on input line 402.
Package babel Info: Redefining spanish shorthand "?
(babel)             in language append on input line 402.
Package babel Info: Redefining spanish shorthand <<
(babel)             in language append on input line 402.
Package babel Info: Redefining spanish shorthand >>
(babel)             in language append on input line 402.
Package babel Info: Redefining spanish shorthand "=
(babel)             in language append on input line 402.
Package babel Info: Redefining spanish shorthand "~
(babel)             in language append on input line 402.
Package babel Info: Redefining spanish shorthand "!
(babel)             in language append on input line 402.
Package babel Info: Redefining spanish shorthand "?
(babel)             in language append on input line 402.
[9]
Missing character: There is no ร in font cmbx10!
Missing character: There is no ณ in font cmbx10!
Missing character: There is no ร in font cmr10!
Missing character: There is no ญ in font cmr10!
Missing character: There is no ร in font cmr10!
Missing character: There is no ณ in font cmr10!
Missing character: There is no ร in font cmr10!
Missing character: There is no ณ in font cmr10!
Missing character: There is no ร in font cmr10!
Missing character: There is no ณ in font cmr10!
Missing character: There is no ร in font cmr10!
Missing character: There is no ญ in font cmr10!
Missing character: There is no ร in font cmbx10!
Missing character: There is no ณ in font cmbx10!
Missing character: There is no ร in font cmbx10!
Missing character: There is no ณ in font cmbx10!
Missing character: There is no ร in font cmbx10!
Missing character: There is no ณ in font cmbx10!
Missing character: There is no ร in font cmr10!
Missing character: There is no ณ in font cmr10!
Missing character: There is no ร in font cmr10!
Missing character: There is no ณ in font cmr10!
Missing character: There is no ร in font cmr10!
Missing character: There is no ณ in font cmr10!
Package babel Info: Redefining spanish shorthand <<
(babel)             in language append on input line 460.
Package babel Info: Redefining spanish shorthand >>
(babel)             in language append on input line 460.
Package babel Info: Redefining spanish shorthand "=
(babel)             in language append on input line 460.
Package babel Info: Redefining spanish shorthand "~
(babel)             in language append on input line 460.
Package babel Info: Redefining spanish shorthand "!
(babel)             in language append on input line 460.
Package babel Info: Redefining spanish shorthand "?
(babel)             in language append on input line 460.
Package babel Info: Redefining spanish shorthand <<
(babel)             in language append on input line 460.
Package babel Info: Redefining spanish shorthand >>
(babel)             in language append on input line 460.
Package babel Info: Redefining spanish shorthand "=
(babel)             in language append on input line 460.
Package babel Info: Redefining spanish shorthand "~
(babel)             in language append on input line 460.
Package babel Info: Redefining spanish shorthand "!
(babel)             in language append on input line 460.
Package babel Info: Redefining spanish shorthand "?
(babel)             in language append on input line 460.
 [10]
Missing character: There is no ร in font cmr10!
Missing character: There is no ญ in font cmr10!


Package amsthm Warning: The \qedhere command may not work correctly here on inp
ut line 465.

Missing character: There is no ร in font cmr10!
Missing character: There is no ฉ in font cmr10!
Missing character: There is no ร in font cmr10!
Missing character: There is no ณ in font cmr10!

Package amsthm Warning: The \qedhere command may not work correctly here on inp
ut line 477.

Missing character: There is no ร in font cmbx10!
Missing character: There is no ณ in font cmbx10!

Underfull \hbox (badness 10000) in paragraph at lines 493--497

 []

Missing character: There is no ร in font cmr10!
Missing character: There is no ณ in font cmr10!
Missing character: There is no ร in font cmr10!
Missing character: There is no ณ in font cmr10!
Package babel Info: Redefining spanish shorthand <<
(babel)             in language append on input line 522.
Package babel Info: Redefining spanish shorthand >>
(babel)             in language append on input line 522.
Package babel Info: Redefining spanish shorthand "=
(babel)             in language append on input line 522.
Package babel Info: Redefining spanish shorthand "~
(babel)             in language append on input line 522.
Package babel Info: Redefining spanish shorthand "!
(babel)             in language append on input line 522.
Package babel Info: Redefining spanish shorthand "?
(babel)             in language append on input line 522.
Package babel Info: Redefining spanish shorthand <<
(babel)             in language append on input line 522.
Package babel Info: Redefining spanish shorthand >>
(babel)             in language append on input line 522.
Package babel Info: Redefining spanish shorthand "=
(babel)             in language append on input line 522.
Package babel Info: Redefining spanish shorthand "~
(babel)             in language append on input line 522.
Package babel Info: Redefining spanish shorthand "!
(babel)             in language append on input line 522.
Package babel Info: Redefining spanish shorthand "?
(babel)             in language append on input line 522.
[11]
Missing character: There is no ร in font cmr10!
Missing character: There is no ณ in font cmr10!
Missing character: There is no ร in font cmr10!
Missing character: There is no ณ in font cmr10!
Missing character: There is no ร in font cmbx10!
Missing character: There is no ณ in font cmbx10!
Missing character: There is no ร in font cmr10!
Missing character: There is no ณ in font cmr10!

Overfull \hbox (21.79999pt too wide) in paragraph at lines 535--538
[][] 
 []


Underfull \hbox (badness 10000) in paragraph at lines 535--538

 []


Overfull \hbox (7.8085pt too wide) detected at line 543
[]\OMS/cmsy/m/n/10 j\OML/cmm/m/it/10 \OMS/cmsy/m/n/10 i \OT1/cmr/m/n/10 = \OML
/cmm/m/it/10 a [] c[]\OMS/cmsy/m/n/10 j\OML/cmm/m/it/10 n\OMS/cmsy/m/n/10 i \OT
1/cmr/m/n/10 = [] \OML/cmm/m/it/10 c[][]\OMS/cmsy/m/n/10 j\OML/cmm/m/it/10 n \O
MS/cmsy/m/n/10 ^^@ \OT1/cmr/m/n/10 1\OMS/cmsy/m/n/10 i[][] [] \OML/cmm/m/it/10 
c[][]\OMS/cmsy/m/n/10 j\OML/cmm/m/it/10 n \OT1/cmr/m/n/10 + 1\OMS/cmsy/m/n/10 i
 [] [] \OML/cmm/m/it/10 c[]\OMS/cmsy/m/n/10 j\OML/cmm/m/it/10 n\OMS/cmsy/m/n/1
0 i
 []

Missing character: There is no ร in font cmr10!
Missing character: There is no ณ in font cmr10!
Missing character: There is no ร in font cmr10!
Missing character: There is no ฉ in font cmr10!
Missing character: There is no ร in font cmr10!
Missing character: There is no ณ in font cmr10!
Missing character: There is no ร in font cmr10!
Missing character: There is no ญ in font cmr10!
Missing character: There is no ร in font cmr10!
Missing character: There is no ฉ in font cmr10!
Missing character: There is no ร in font cmr10!
Missing character: There is no ณ in font cmr10!
Missing character: There is no ร in font cmr10!
Missing character: There is no ณ in font cmr10!
Missing character: There is no ย in font cmr10!
Missing character: There is no  in font cmr10!
Missing character: There is no ย in font cmr10!
Missing character: There is no  in font cmr10!
Missing character: There is no ย in font cmr10!
Missing character: There is no  in font cmr10!
Missing character: There is no ย in font cmr10!
Missing character: There is no  in font cmr10!
Missing character: There is no ร in font cmr10!
Missing character: There is no ณ in font cmr10!
Missing character: There is no ร in font cmr10!
Missing character: There is no ณ in font cmr10!
Missing character: There is no ร in font cmr10!
Missing character: There is no ณ in font cmr10!
Missing character: There is no ร in font cmbx10!
Missing character: There is no ณ in font cmbx10!
Missing character: There is no ร in font cmr10!
Missing character: There is no ณ in font cmr10!
Missing character: There is no ร in font cmr10!
Missing character: There is no ฉ in font cmr10!
Package babel Info: Redefining spanish shorthand <<
(babel)             in language append on input line 573.
Package babel Info: Redefining spanish shorthand >>
(babel)             in language append on input line 573.
Package babel Info: Redefining spanish shorthand "=
(babel)             in language append on input line 573.
Package babel Info: Redefining spanish shorthand "~
(babel)             in language append on input line 573.
Package babel Info: Redefining spanish shorthand "!
(babel)             in language append on input line 573.
Package babel Info: Redefining spanish shorthand "?
(babel)             in language append on input line 573.
Package babel Info: Redefining spanish shorthand <<
(babel)             in language append on input line 573.
Package babel Info: Redefining spanish shorthand >>
(babel)             in language append on input line 573.
Package babel Info: Redefining spanish shorthand "=
(babel)             in language append on input line 573.
Package babel Info: Redefining spanish shorthand "~
(babel)             in language append on input line 573.
Package babel Info: Redefining spanish shorthand "!
(babel)             in language append on input line 573.
Package babel Info: Redefining spanish shorthand "?
(babel)             in language append on input line 573.
[12]
Missing character: There is no ร in font cmr10!
Missing character: There is no ณ in font cmr10!
Missing character: There is no ร in font cmr10!
Missing character: There is no ญ in font cmr10!
Missing character: There is no ร in font cmr10!
Missing character: There is no ณ in font cmr10!

Underfull \hbox (badness 10000) in paragraph at lines 595--597

 []

Missing character: There is no ร in font cmr10!
Missing character: There is no ณ in font cmr10!
Missing character: There is no ร in font cmr10!
Missing character: There is no ณ in font cmr10!
Missing character: There is no ร in font cmr10!
Missing character: There is no ฒ in font cmr10!
Missing character: There is no ร in font cmbx10!
Missing character: There is no ณ in font cmbx10!

Underfull \hbox (badness 10000) in paragraph at lines 612--615

 []

Missing character: There is no ร in font cmr10!
Missing character: There is no ณ in font cmr10!
Missing character: There is no ร in font cmr10!
Missing character: There is no ณ in font cmr10!
Missing character: There is no ย in font cmr10!
Missing character: There is no  in font cmr10!
Package babel Info: Redefining spanish shorthand <<
(babel)             in language append on input line 630.
Package babel Info: Redefining spanish shorthand >>
(babel)             in language append on input line 630.
Package babel Info: Redefining spanish shorthand "=
(babel)             in language append on input line 630.
Package babel Info: Redefining spanish shorthand "~
(babel)             in language append on input line 630.
Package babel Info: Redefining spanish shorthand "!
(babel)             in language append on input line 630.
Package babel Info: Redefining spanish shorthand "?
(babel)             in language append on input line 630.
Package babel Info: Redefining spanish shorthand <<
(babel)             in language append on input line 630.
Package babel Info: Redefining spanish shorthand >>
(babel)             in language append on input line 630.
Package babel Info: Redefining spanish shorthand "=
(babel)             in language append on input line 630.
Package babel Info: Redefining spanish shorthand "~
(babel)             in language append on input line 630.
Package babel Info: Redefining spanish shorthand "!
(babel)             in language append on input line 630.
Package babel Info: Redefining spanish shorthand "?
(babel)             in language append on input line 630.
[13]
Missing character: There is no ร in font cmr10!
Missing character: There is no ณ in font cmr10!
Missing character: There is no ร in font cmr10!
Missing character: There is no ณ in font cmr10!
Missing character: There is no ย in font cmr10!
Missing character: There is no  in font cmr10!
Missing character: There is no ย in font cmr10!
Missing character: There is no  in font cmr10!
Missing character: There is no ร in font cmr10!
Missing character: There is no ณ in font cmr10!
Missing character: There is no ย in font cmr10!
Missing character: There is no  in font cmr10!
Missing character: There is no ย in font cmr10!
Missing character: There is no  in font cmr10!
Missing character: There is no ย in font cmr10!
Missing character: There is no  in font cmr10!
Missing character: There is no ย in font cmr10!
Missing character: There is no  in font cmr10!
Missing character: There is no ร in font cmr10!
Missing character: There is no ณ in font cmr10!
Missing character: There is no ย in font cmr10!
Missing character: There is no  in font cmr10!
Missing character: There is no ย in font cmr10!
Missing character: There is no  in font cmr10!
Missing character: There is no ย in font cmr10!
Missing character: There is no  in font cmr10!
Missing character: There is no ย in font cmr10!
Missing character: There is no  in font cmr10!
Missing character: There is no ย in font cmr10!
Missing character: There is no  in font cmr10!
Missing character: There is no ย in font cmr10!
Missing character: There is no  in font cmr10!
Missing character: There is no ย in font cmr10!
Missing character: There is no  in font cmr10!
Missing character: There is no ย in font cmr7!
Missing character: There is no  in font cmr7!
Missing character: There is no ย in font cmr5!
Missing character: There is no  in font cmr5!
Missing character: There is no ย in font cmr10!
Missing character: There is no  in font cmr10!
Missing character: There is no ย in font cmr10!
Missing character: There is no  in font cmr10!
Missing character: There is no ย in font cmr10!
Missing character: There is no  in font cmr10!
Missing character: There is no ย in font cmr10!
Missing character: There is no  in font cmr10!
Missing character: There is no ย in font cmr7!
Missing character: There is no  in font cmr7!
Missing character: There is no ย in font cmr5!
Missing character: There is no  in font cmr5!
Missing character: There is no ย in font cmr10!
Missing character: There is no  in font cmr10!
Package babel Info: Redefining spanish shorthand <<
(babel)             in language append on input line 696.
Package babel Info: Redefining spanish shorthand >>
(babel)             in language append on input line 696.
Package babel Info: Redefining spanish shorthand "=
(babel)             in language append on input line 696.
Package babel Info: Redefining spanish shorthand "~
(babel)             in language append on input line 696.
Package babel Info: Redefining spanish shorthand "!
(babel)             in language append on input line 696.
Package babel Info: Redefining spanish shorthand "?
(babel)             in language append on input line 696.
Package babel Info: Redefining spanish shorthand <<
(babel)             in language append on input line 696.
Package babel Info: Redefining spanish shorthand >>
(babel)             in language append on input line 696.
Package babel Info: Redefining spanish shorthand "=
(babel)             in language append on input line 696.
Package babel Info: Redefining spanish shorthand "~
(babel)             in language append on input line 696.
Package babel Info: Redefining spanish shorthand "!
(babel)             in language append on input line 696.
Package babel Info: Redefining spanish shorthand "?
(babel)             in language append on input line 696.
 [14]
Missing character: There is no ย in font cmr10!
Missing character: There is no  in font cmr10!
Missing character: There is no ย in font cmr7!
Missing character: There is no  in font cmr7!
Missing character: There is no ร in font cmr10!
Missing character: There is no ณ in font cmr10!
Missing character: There is no ย in font cmr10!
Missing character: There is no  in font cmr10!
Missing character: There is no ร in font cmr10!
Missing character: There is no ฒ in font cmr10!

Underfull \hbox (badness 10000) in paragraph at lines 715--718

 []

Missing character: There is no ย in font cmr10!
Missing character: There is no  in font cmr10!

Package amsmath Warning: Cannot use `split' here;
(amsmath)                trying to recover with `aligned' on input line 730.

Missing character: There is no ร in font cmr10!
Missing character: There is no ฉ in font cmr10!
Missing character: There is no ร in font cmr10!
Missing character: There is no ก in font cmr10!
Missing character: There is no ร in font cmr10!
Missing character: There is no ณ in font cmr10!
Missing character: There is no ย in font cmr10!
Missing character: There is no  in font cmr10!
Missing character: There is no ย in font cmr10!
Missing character: There is no  in font cmr10!
Missing character: There is no ร in font cmr10!
Missing character: There is no ก in font cmr10!
Missing character: There is no ร in font cmr10!
Missing character: There is no ณ in font cmr10!
Package babel Info: Redefining spanish shorthand <<
(babel)             in language append on input line 755.
Package babel Info: Redefining spanish shorthand >>
(babel)             in language append on input line 755.
Package babel Info: Redefining spanish shorthand "=
(babel)             in language append on input line 755.
Package babel Info: Redefining spanish shorthand "~
(babel)             in language append on input line 755.
Package babel Info: Redefining spanish shorthand "!
(babel)             in language append on input line 755.
Package babel Info: Redefining spanish shorthand "?
(babel)             in language append on input line 755.
Package babel Info: Redefining spanish shorthand <<
(babel)             in language append on input line 755.
Package babel Info: Redefining spanish shorthand >>
(babel)             in language append on input line 755.
Package babel Info: Redefining spanish shorthand "=
(babel)             in language append on input line 755.
Package babel Info: Redefining spanish shorthand "~
(babel)             in language append on input line 755.
Package babel Info: Redefining spanish shorthand "!
(babel)             in language append on input line 755.
Package babel Info: Redefining spanish shorthand "?
(babel)             in language append on input line 755.
[15]
Missing character: There is no ย in font cmr10!
Missing character: There is no  in font cmr10!
Missing character: There is no ย in font cmr10!
Missing character: There is no  in font cmr10!
Missing character: There is no ย in font cmr10!
Missing character: There is no  in font cmr10!
Missing character: There is no ย in font cmr10!
Missing character: There is no  in font cmr10!
Missing character: There is no ร in font cmr10!
Missing character: There is no ฉ in font cmr10!
Missing character: There is no ย in font cmr10!
Missing character: There is no  in font cmr10!
Missing character: There is no ย in font cmr10!
Missing character: There is no  in font cmr10!
Missing character: There is no ย in font cmr10!
Missing character: There is no  in font cmr10!
Missing character: There is no ย in font cmr10!
Missing character: There is no  in font cmr10!
Missing character: There is no ย in font cmr10!
Missing character: There is no  in font cmr10!
Missing character: There is no ร in font cmr10!
Missing character: There is no ฉ in font cmr10!

Overfull \hbox (16.16936pt too wide) detected at line 797
[]  \OMS/cmsy/m/n/10 )  [][] \OT1/cmr/m/n/10 = []
 []

Missing character: There is no ย in font cmr10!
Missing character: There is no  in font cmr10!
Missing character: There is no ย in font cmr10!
Missing character: There is no  in font cmr10!
Package babel Info: Redefining spanish shorthand <<
(babel)             in language append on input line 817.
Package babel Info: Redefining spanish shorthand >>
(babel)             in language append on input line 817.
Package babel Info: Redefining spanish shorthand "=
(babel)             in language append on input line 817.
Package babel Info: Redefining spanish shorthand "~
(babel)             in language append on input line 817.
Package babel Info: Redefining spanish shorthand "!
(babel)             in language append on input line 817.
Package babel Info: Redefining spanish shorthand "?
(babel)             in language append on input line 817.
Package babel Info: Redefining spanish shorthand <<
(babel)             in language append on input line 817.
Package babel Info: Redefining spanish shorthand >>
(babel)             in language append on input line 817.
Package babel Info: Redefining spanish shorthand "=
(babel)             in language append on input line 817.
Package babel Info: Redefining spanish shorthand "~
(babel)             in language append on input line 817.
Package babel Info: Redefining spanish shorthand "!
(babel)             in language append on input line 817.
Package babel Info: Redefining spanish shorthand "?
(babel)             in language append on input line 817.
[16]
Missing character: There is no ร in font cmr10!
Missing character: There is no ญ in font cmr10!
Missing character: There is no ย in font cmr10!
Missing character: There is no  in font cmr10!
Missing character: There is no ย in font cmr10!
Missing character: There is no  in font cmr10!
Missing character: There is no ย in font cmr10!
Missing character: There is no  in font cmr10!
Missing character: There is no ย in font cmr10!
Missing character: There is no  in font cmr10!
Missing character: There is no ย in font cmr10!
Missing character: There is no  in font cmr10!
Missing character: There is no ย in font cmr10!
Missing character: There is no  in font cmr10!
Missing character: There is no ย in font cmr7!
Missing character: There is no  in font cmr7!
Missing character: There is no ย in font cmr10!
Missing character: There is no  in font cmr10!
Missing character: There is no ย in font cmr10!
Missing character: There is no  in font cmr10!
Missing character: There is no ย in font cmr10!
Missing character: There is no  in font cmr10!
Missing character: There is no ย in font cmr10!
Missing character: There is no  in font cmr10!
Missing character: There is no ย in font cmr7!
Missing character: There is no  in font cmr7!
Missing character: There is no ร in font cmbx10!
Missing character: There is no ณ in font cmbx10!
Missing character: There is no ร in font cmr10!
Missing character: There is no ฉ in font cmr10!

Underfull \hbox (badness 10000) in paragraph at lines 853--856

 []

Package babel Info: Redefining spanish shorthand <<
(babel)             in language append on input line 865.
Package babel Info: Redefining spanish shorthand >>
(babel)             in language append on input line 865.
Package babel Info: Redefining spanish shorthand "=
(babel)             in language append on input line 865.
Package babel Info: Redefining spanish shorthand "~
(babel)             in language append on input line 865.
Package babel Info: Redefining spanish shorthand "!
(babel)             in language append on input line 865.
Package babel Info: Redefining spanish shorthand "?
(babel)             in language append on input line 865.
Package babel Info: Redefining spanish shorthand <<
(babel)             in language append on input line 865.
Package babel Info: Redefining spanish shorthand >>
(babel)             in language append on input line 865.
Package babel Info: Redefining spanish shorthand "=
(babel)             in language append on input line 865.
Package babel Info: Redefining spanish shorthand "~
(babel)             in language append on input line 865.
Package babel Info: Redefining spanish shorthand "!
(babel)             in language append on input line 865.
Package babel Info: Redefining spanish shorthand "?
(babel)             in language append on input line 865.
[17]
Missing character: There is no ร in font cmr10!
Missing character: There is no บ in font cmr10!
Missing character: There is no ร in font cmr10!
Missing character: There is no บ in font cmr10!

Overfull \hbox (34.47673pt too wide) in paragraph at lines 874--880
\OT1/cmr/m/n/10 ne-ra-do! [] 
 []

Missing character: There is no ร in font cmr10!
Missing character: There is no ณ in font cmr10!
Missing character: There is no ร in font cmr10!
Missing character: There is no ญ in font cmr10!
Missing character: There is no ร in font cmbx10!
Missing character: There is no ณ in font cmbx10!
Missing character: There is no ร in font cmr10!
Missing character: There is no ฉ in font cmr10!
<Images/sphericalCoordinates.png, id=127, 560.0925pt x 517.935pt>
File: Images/sphericalCoordinates.png Graphic file (type png)

<use Images/sphericalCoordinates.png>
Package pdftex.def Info: Images/sphericalCoordinates.png used on input line 893
.
(pdftex.def)             Requested size: 172.5pt x 159.51498pt.
Missing character: There is no ร in font cmr10!
Missing character: There is no ฉ in font cmr10!
Missing character: There is no ร in font cmr10!
Missing character: There is no ฉ in font cmr10!

Underfull \hbox (badness 10000) in paragraph at lines 888--897

 []

Missing character: There is no ร in font cmr10!
Missing character: There is no ฉ in font cmr10!
Missing character: There is no ร in font cmr10!
Missing character: There is no ฉ in font cmr10!
Missing character: There is no ร in font cmr10!
Missing character: There is no ญ in font cmr10!
Missing character: There is no ย in font cmr10!
Missing character: There is no  in font cmr10!
Missing character: There is no ย in font cmr10!
Missing character: There is no  in font cmr10!
Missing character: There is no ย in font cmr10!
Missing character: There is no  in font cmr10!
Missing character: There is no ย in font cmr10!
Missing character: There is no ช in font cmr10!
Package babel Info: Redefining spanish shorthand <<
(babel)             in language append on input line 921.
Package babel Info: Redefining spanish shorthand >>
(babel)             in language append on input line 921.
Package babel Info: Redefining spanish shorthand "=
(babel)             in language append on input line 921.
Package babel Info: Redefining spanish shorthand "~
(babel)             in language append on input line 921.
Package babel Info: Redefining spanish shorthand "!
(babel)             in language append on input line 921.
Package babel Info: Redefining spanish shorthand "?
(babel)             in language append on input line 921.
Package babel Info: Redefining spanish shorthand <<
(babel)             in language append on input line 921.
Package babel Info: Redefining spanish shorthand >>
(babel)             in language append on input line 921.
Package babel Info: Redefining spanish shorthand "=
(babel)             in language append on input line 921.
Package babel Info: Redefining spanish shorthand "~
(babel)             in language append on input line 921.
Package babel Info: Redefining spanish shorthand "!
(babel)             in language append on input line 921.
Package babel Info: Redefining spanish shorthand "?
(babel)             in language append on input line 921.
[18]
Missing character: There is no ย in font cmr10!
Missing character: There is no  in font cmr10!
Missing character: There is no ย in font cmr10!
Missing character: There is no ช in font cmr10!
) (./Chapters/momentumAngular.tex
Package babel Info: Redefining spanish shorthand <<
(babel)             in language append on input line 1.
Package babel Info: Redefining spanish shorthand >>
(babel)             in language append on input line 1.
Package babel Info: Redefining spanish shorthand "=
(babel)             in language append on input line 1.
Package babel Info: Redefining spanish shorthand "~
(babel)             in language append on input line 1.
Package babel Info: Redefining spanish shorthand "!
(babel)             in language append on input line 1.
Package babel Info: Redefining spanish shorthand "?
(babel)             in language append on input line 1.
Package babel Info: Redefining spanish shorthand <<
(babel)             in language append on input line 1.
Package babel Info: Redefining spanish shorthand >>
(babel)             in language append on input line 1.
Package babel Info: Redefining spanish shorthand "=
(babel)             in language append on input line 1.
Package babel Info: Redefining spanish shorthand "~
(babel)             in language append on input line 1.
Package babel Info: Redefining spanish shorthand "!
(babel)             in language append on input line 1.
Package babel Info: Redefining spanish shorthand "?
(babel)             in language append on input line 1.
 [19 <./Images/sphericalCoordinates.png>]
Cap\'{\i }tulo 3.
Package babel Info: Redefining spanish shorthand <<
(babel)             in language append on input line 1.
Package babel Info: Redefining spanish shorthand >>
(babel)             in language append on input line 1.
Package babel Info: Redefining spanish shorthand "=
(babel)             in language append on input line 1.
Package babel Info: Redefining spanish shorthand "~
(babel)             in language append on input line 1.
Package babel Info: Redefining spanish shorthand "!
(babel)             in language append on input line 1.
Package babel Info: Redefining spanish shorthand "?
(babel)             in language append on input line 1.
Missing character: There is no ร in font cmbx10!
Missing character: There is no ณ in font cmbx10!

Underfull \hbox (badness 10000) in paragraph at lines 6--9

 []


Overfull \hbox (61.0137pt too wide) detected at line 21
\OML/cmm/m/it/10 L[]L[] \OT1/cmr/m/n/10 = (\OML/cmm/m/it/10 L[] \OT1/cmr/m/n/10
 + \OML/cmm/m/it/10 iL[]\OT1/cmr/m/n/10 )(\OML/cmm/m/it/10 L[] \OMS/cmsy/m/n/10
 ^^@ \OML/cmm/m/it/10 iL[]\OT1/cmr/m/n/10 ) = \OML/cmm/m/it/10 L[] \OT1/cmr/m/n
/10 + \OML/cmm/m/it/10 L[] [] \OT1/cmr/m/n/10 = \OML/cmm/m/it/10 L[] \OMS/cmsy/
m/n/10 ^^@ \OML/cmm/m/it/10 L[] \OT1/cmr/m/n/10 + \U/msb/m/n/10 ~\OML/cmm/m/it/
10 L[] \OT1/cmr/m/n/10 = \U/msb/m/n/10 ~[]\OT1/cmr/m/n/10 ((\OML/cmm/m/it/10 l 
\OT1/cmr/m/n/10 + 1) \OMS/cmsy/m/n/10 ^^@ \OML/cmm/m/it/10 m[] \OT1/cmr/m/n/10 
+ \OML/cmm/m/it/10 m\OT1/cmr/m/n/10 )
 []


Overfull \hbox (59.34708pt too wide) detected at line 26
\OML/cmm/m/it/10 L[]L[] \OT1/cmr/m/n/10 = (\OML/cmm/m/it/10 L[] \OMS/cmsy/m/n/1
0 ^^@ \OML/cmm/m/it/10 iL[]\OT1/cmr/m/n/10 )(\OML/cmm/m/it/10 L[] \OT1/cmr/m/n/
10 + \OML/cmm/m/it/10 iL[]\OT1/cmr/m/n/10 ) = \OML/cmm/m/it/10 L[] \OT1/cmr/m/n
/10 + \OML/cmm/m/it/10 L[] \OT1/cmr/m/n/10 + [] = \OML/cmm/m/it/10 L[] \OMS/cms
y/m/n/10 ^^@ \OML/cmm/m/it/10 L[] \OMS/cmsy/m/n/10 ^^@ \U/msb/m/n/10 ~\OML/cmm/
m/it/10 L[] \OT1/cmr/m/n/10 = \U/msb/m/n/10 ~[]\OT1/cmr/m/n/10 ((\OML/cmm/m/it/
10 l \OT1/cmr/m/n/10 + 1) \OMS/cmsy/m/n/10 ^^@ \OML/cmm/m/it/10 m[] \OMS/cmsy/m
/n/10 ^^@ \OML/cmm/m/it/10 m\OT1/cmr/m/n/10 )
 []

Missing character: There is no ร in font cmbx10!
Missing character: There is no ณ in font cmbx10!

Underfull \hbox (badness 10000) in paragraph at lines 39--41

 []


Underfull \hbox (badness 10000) in paragraph at lines 39--41

 []

LaTeX Font Info:    Try loading font information for U+dsrom on input line 47.
(/usr/local/texlive/2015/texmf-dist/tex/latex/doublestroke/Udsrom.fd
File: Udsrom.fd 1995/08/01 v0.1 Double stroke roman font definitions
)
Package babel Info: Redefining spanish shorthand <<
(babel)             in language append on input line 48.
Package babel Info: Redefining spanish shorthand >>
(babel)             in language append on input line 48.
Package babel Info: Redefining spanish shorthand "=
(babel)             in language append on input line 48.
Package babel Info: Redefining spanish shorthand "~
(babel)             in language append on input line 48.
Package babel Info: Redefining spanish shorthand "!
(babel)             in language append on input line 48.
Package babel Info: Redefining spanish shorthand "?
(babel)             in language append on input line 48.
Package babel Info: Redefining spanish shorthand <<
(babel)             in language append on input line 48.
Package babel Info: Redefining spanish shorthand >>
(babel)             in language append on input line 48.
Package babel Info: Redefining spanish shorthand "=
(babel)             in language append on input line 48.
Package babel Info: Redefining spanish shorthand "~
(babel)             in language append on input line 48.
Package babel Info: Redefining spanish shorthand "!
(babel)             in language append on input line 48.
Package babel Info: Redefining spanish shorthand "?
(babel)             in language append on input line 48.
 [20

]
Missing character: There is no ย in font cmr10!
Missing character: There is no  in font cmr10!

Overfull \hbox (15.60983pt too wide) detected at line 60
\OML/cmm/m/it/10 ^^[[]^^[[]^^[[] \OT1/cmr/m/n/10 = [] + [] + [] + []
 []

Missing character: There is no ร in font cmr10!
Missing character: There is no ณ in font cmr10!
Missing character: There is no ร in font cmr10!
Missing character: There is no ณ in font cmr10!
Missing character: There is no ย in font cmr10!
Missing character: There is no  in font cmr10!
Missing character: There is no ย in font cmr10!
Missing character: There is no  in font cmr10!
)
Package atveryend Info: Empty hook `BeforeClearDocument' on input line 40.

Underfull \hbox (badness 10000) in paragraph at lines 96--40

 []

Package babel Info: Redefining spanish shorthand <<
(babel)             in language append on input line 40.
Package babel Info: Redefining spanish shorthand >>
(babel)             in language append on input line 40.
Package babel Info: Redefining spanish shorthand "=
(babel)             in language append on input line 40.
Package babel Info: Redefining spanish shorthand "~
(babel)             in language append on input line 40.
Package babel Info: Redefining spanish shorthand "!
(babel)             in language append on input line 40.
Package babel Info: Redefining spanish shorthand "?
(babel)             in language append on input line 40.
Package babel Info: Redefining spanish shorthand <<
(babel)             in language append on input line 40.
Package babel Info: Redefining spanish shorthand >>
(babel)             in language append on input line 40.
Package babel Info: Redefining spanish shorthand "=
(babel)             in language append on input line 40.
Package babel Info: Redefining spanish shorthand "~
(babel)             in language append on input line 40.
Package babel Info: Redefining spanish shorthand "!
(babel)             in language append on input line 40.
Package babel Info: Redefining spanish shorthand "?
(babel)             in language append on input line 40.
[21]
Package atveryend Info: Empty hook `AfterLastShipout' on input line 40.
 (./fisicaCuantica.aux
LaTeX Info: Redefining \. on input line 23.
LaTeX Info: Redefining \% on input line 23.
)
Package atveryend Info: Executing hook `AtVeryEndDocument' on input line 40.
Package atveryend Info: Executing hook `AtEndAfterFileList' on input line 40.
Package rerunfilecheck Info: File `fisicaCuantica.out' has not changed.
(rerunfilecheck)             Checksum: 2479BFD93A1ADF4E97B002703B9427D6;407.
Package atveryend Info: Empty hook `AtVeryVeryEnd' on input line 40.
 ) 
Here is how much of TeX's memory you used:
 6944 strings out of 493054
 98829 string characters out of 6134760
 201870 words of memory out of 5000000
 10338 multiletter control sequences out of 15000+600000
 13661 words of font info for 54 fonts, out of 8000000 for 9000
 1141 hyphenation exceptions out of 8191
 29i,20n,32p,229b,429s stack positions out of 5000i,500n,10000p,200000b,80000s
</usr/local/texlive/2015/texmf-dist/fonts/type1/public/amsfonts/cm/cmbx10.pfb
></usr/local/texlive/2015/texmf-dist/fonts/type1/public/amsfonts/cm/cmbx12.pfb>
</usr/local/texlive/2015/texmf-dist/fonts/type1/public/amsfonts/cm/cmbx5.pfb></
usr/local/texlive/2015/texmf-dist/fonts/type1/public/amsfonts/cm/cmbx7.pfb></us
r/local/texlive/2015/texmf-dist/fonts/type1/public/amsfonts/cm/cmex10.pfb></usr
/local/texlive/2015/texmf-dist/fonts/type1/public/amsfonts/cm/cmmi10.pfb></usr/
local/texlive/2015/texmf-dist/fonts/type1/public/amsfonts/cm/cmmi5.pfb></usr/lo
cal/texlive/2015/texmf-dist/fonts/type1/public/amsfonts/cm/cmmi7.pfb></usr/loca
l/texlive/2015/texmf-dist/fonts/type1/public/amsfonts/cm/cmr10.pfb></usr/local/
texlive/2015/texmf-dist/fonts/type1/public/amsfonts/cm/cmr12.pfb></usr/local/te
xlive/2015/texmf-dist/fonts/type1/public/amsfonts/cm/cmr17.pfb></usr/local/texl
ive/2015/texmf-dist/fonts/type1/public/amsfonts/cm/cmr5.pfb></usr/local/texlive
/2015/texmf-dist/fonts/type1/public/amsfonts/cm/cmr7.pfb></usr/local/texlive/20
15/texmf-dist/fonts/type1/public/amsfonts/cm/cmsy10.pfb></usr/local/texlive/201
5/texmf-dist/fonts/type1/public/amsfonts/cm/cmsy5.pfb></usr/local/texlive/2015/
texmf-dist/fonts/type1/public/amsfonts/cm/cmsy7.pfb></usr/local/texlive/2015/te
xmf-dist/fonts/type1/public/amsfonts/cm/cmti10.pfb></usr/local/texlive/2015/tex
mf-dist/fonts/type1/public/doublestroke/dsrom10.pfb></usr/local/texlive/2015/te
xmf-dist/fonts/type1/public/doublestroke/dsrom8.pfb></usr/local/texlive/2015/te
xmf-dist/fonts/type1/public/amsfonts/latxfont/line10.pfb></usr/local/texlive/20
15/texmf-dist/fonts/type1/public/amsfonts/symbols/msbm10.pfb></usr/local/texliv
e/2015/texmf-dist/fonts/type1/public/amsfonts/symbols/msbm5.pfb>
Output written on fisicaCuantica.pdf (22 pages, 288446 bytes).
PDF statistics:
 231 PDF objects out of 1000 (max. 8388607)
 181 compressed objects within 2 object streams
 33 named destinations out of 1000 (max. 500000)
 62 words of extra memory for PDF output out of 10000 (max. 10000000)

